#
# There is insufficient memory for the Java Runtime Environment to continue.
# Native memory allocation (mmap) failed to map 264241152 bytes for G1 virtual space
# Possible reasons:
#   The system is out of physical RAM or swap space
#   The process is running with CompressedOops enabled, and the Java Heap may be blocking the growth of the native heap
# Possible solutions:
#   Reduce memory load on the system
#   Increase physical memory or swap space
#   Check if swap backing store is full
#   Decrease Java heap size (-Xmx/-Xms)
#   Decrease number of Java threads
#   Decrease Java thread stack sizes (-Xss)
#   Set larger code cache with -XX:ReservedCodeCacheSize=
#   JVM is running with Zero Based Compressed Oops mode in which the Java heap is
#     placed in the first 32GB address space. The Java Heap base address is the
#     maximum limit for the native heap growth. Please use -XX:HeapBaseMinAddress
#     to set the Java Heap base and to place the Java Heap above 32GB virtual address.
# This output file may be truncated or incomplete.
#
#  Out of Memory Error (os_windows.cpp:3613), pid=19480, tid=3884
#
# JRE version:  (17.0.10+7) (build )
# Java VM: OpenJDK 64-Bit Server VM (17.0.10+7, mixed mode, sharing, tiered, compressed oops, compressed class ptrs, g1 gc, windows-amd64)
# No core dump will be written. Minidumps are not enabled by default on client versions of Windows
#

---------------  S U M M A R Y ------------

Command Line: -Dfile.encoding=UTF-8 -Dstdout.encoding=UTF-8 -Dstderr.encoding=UTF-8 -XX:+ShowCodeDetailsInExceptionMessages com.ilp03.utility.SprintToolUtility

Host: 12th Gen Intel(R) Core(TM) i7-1255U, 12 cores, 15G,  Windows 11 , 64 bit Build 22621 (10.0.22621.3235)
Time: Fri May  3 12:19:33 2024 India Standard Time elapsed time: 0.047202 seconds (0d 0h 0m 0s)

---------------  T H R E A D  ---------------

Current thread (0x000001cdcee1a3e0):  JavaThread "Unknown thread" [_thread_in_vm, id=3884, stack(0x0000009af3100000,0x0000009af3200000)]

Stack: [0x0000009af3100000,0x0000009af3200000]
Native frames: (J=compiled Java code, j=interpreted, Vv=VM code, C=native code)
V  [jvm.dll+0x67d2c9]
V  [jvm.dll+0x834afa]
V  [jvm.dll+0x8365be]
V  [jvm.dll+0x836c23]
V  [jvm.dll+0x2477ff]
V  [jvm.dll+0x67a109]
V  [jvm.dll+0x66eb7a]
V  [jvm.dll+0x30764b]
V  [jvm.dll+0x30eaf6]
V  [jvm.dll+0x35e83e]
V  [jvm.dll+0x35ea6f]
V  [jvm.dll+0x2de248]
V  [jvm.dll+0x2df1b4]
V  [jvm.dll+0x806361]
V  [jvm.dll+0x36c6f1]
V  [jvm.dll+0x7e4e06]
V  [jvm.dll+0x3eff3f]
V  [jvm.dll+0x3f1b71]
C  [jli.dll+0x528f]
C  [ucrtbase.dll+0x29363]
C  [KERNEL32.DLL+0x1257d]
C  [ntdll.dll+0x5aa58]


---------------  P R O C E S S  ---------------

Threads class SMR info:
_java_thread_list=0x00007ffb7319ee98, length=0, elements={
}

Java Threads: ( => current thread )

Other Threads:
  0x000001cdcee8a530 GCTaskThread "GC Thread#0" [stack: 0x0000009af3200000,0x0000009af3300000] [id=3820]
  0x000001cdcee9aed0 ConcurrentGCThread "G1 Main Marker" [stack: 0x0000009af3300000,0x0000009af3400000] [id=3916]
  0x000001cdcee9b8f0 ConcurrentGCThread "G1 Conc#0" [stack: 0x0000009af3400000,0x0000009af3500000] [id=17324]

[error occurred during error reporting (printing all threads), id 0xc0000005, EXCEPTION_ACCESS_VIOLATION (0xc0000005) at pc=0x00007ffb7295ec87]

VM state: not at safepoint (not fully initialized)

VM Mutex/Monitor currently owned by a thread:  ([mutex/lock_event])
[0x000001cdcee16060] Heap_lock - owner thread: 0x000001cdcee1a3e0

Heap address: 0x0000000705a00000, size: 4006 MB, Compressed Oops mode: Zero based, Oop shift amount: 3

CDS archive(s) mapped at: [0x0000000000000000-0x0000000000000000-0x0000000000000000), size 0, SharedBaseAddress: 0x0000000800000000, ArchiveRelocationMode: 1.
Narrow klass base: 0x0000000000000000, Narrow klass shift: 0, Narrow klass range: 0x0

GC Precious Log:
<Empty>

Heap:
 garbage-first heap   total 0K, used 0K [0x0000000705a00000, 0x0000000800000000)
  region size 2048K, 0 young (0K), 0 survivors (0K)

[error occurred during error reporting (printing heap information), id 0xc0000005, EXCEPTION_ACCESS_VIOLATION (0xc0000005) at pc=0x00007ffb72d46fb9]

GC Heap History (0 events):
No events

Dll operation events (1 events):
Event: 0.014 Loaded shared library C:\Users\melinda.melchizedek\.p2\pool\plugins\org.eclipse.justj.openjdk.hotspot.jre.full.win32.x86_64_17.0.10.v20240120-1143\jre\bin\java.dll

Deoptimization events (0 events):
No events

Classes unloaded (0 events):
No events

Classes redefined (0 events):
No events

Internal exceptions (0 events):
No events

VM Operations (0 events):
No events

Events (0 events):
No events


Dynamic libraries:
0x00007ff67a430000 - 0x00007ff67a43e000 	C:\Users\melinda.melchizedek\.p2\pool\plugins\org.eclipse.justj.openjdk.hotspot.jre.full.win32.x86_64_17.0.10.v20240120-1143\jre\bin\javaw.exe
0x00007ffbaf590000 - 0x00007ffbaf7a6000 	C:\windows\SYSTEM32\ntdll.dll
0x00007ffbaec80000 - 0x00007ffbaed44000 	C:\windows\System32\KERNEL32.DLL
0x00007ffbacc70000 - 0x00007ffbad016000 	C:\windows\System32\KERNELBASE.dll
0x00007ffbacb50000 - 0x00007ffbacc61000 	C:\windows\System32\ucrtbase.dll
0x00007ffb91510000 - 0x00007ffb9152b000 	C:\Users\melinda.melchizedek\.p2\pool\plugins\org.eclipse.justj.openjdk.hotspot.jre.full.win32.x86_64_17.0.10.v20240120-1143\jre\bin\VCRUNTIME140.dll
0x00007ffb91530000 - 0x00007ffb91547000 	C:\Users\melinda.melchizedek\.p2\pool\plugins\org.eclipse.justj.openjdk.hotspot.jre.full.win32.x86_64_17.0.10.v20240120-1143\jre\bin\jli.dll
0x00007ffbad2d0000 - 0x00007ffbad47d000 	C:\windows\System32\USER32.dll
0x00007ffbac990000 - 0x00007ffbac9b6000 	C:\windows\System32\win32u.dll
0x00007ffb916f0000 - 0x00007ffb91983000 	C:\windows\WinSxS\amd64_microsoft.windows.common-controls_6595b64144ccf1df_6.0.22621.3235_none_270f74e173860f98\COMCTL32.dll
0x00007ffbaf170000 - 0x00007ffbaf199000 	C:\windows\System32\GDI32.dll
0x00007ffbaf2e0000 - 0x00007ffbaf387000 	C:\windows\System32\msvcrt.dll
0x00007ffbad190000 - 0x00007ffbad2a8000 	C:\windows\System32\gdi32full.dll
0x00007ffbac9c0000 - 0x00007ffbaca5a000 	C:\windows\System32\msvcp_win.dll
0x00007ffbade70000 - 0x00007ffbadea1000 	C:\windows\System32\IMM32.DLL
0x00007ffb905f0000 - 0x00007ffb905fc000 	C:\Users\melinda.melchizedek\.p2\pool\plugins\org.eclipse.justj.openjdk.hotspot.jre.full.win32.x86_64_17.0.10.v20240120-1143\jre\bin\vcruntime140_1.dll
0x00007ffb73ad0000 - 0x00007ffb73b5d000 	C:\Users\melinda.melchizedek\.p2\pool\plugins\org.eclipse.justj.openjdk.hotspot.jre.full.win32.x86_64_17.0.10.v20240120-1143\jre\bin\msvcp140.dll
0x00007ffb72670000 - 0x00007ffb732d2000 	C:\Users\melinda.melchizedek\.p2\pool\plugins\org.eclipse.justj.openjdk.hotspot.jre.full.win32.x86_64_17.0.10.v20240120-1143\jre\bin\server\jvm.dll
0x00007ffbaf220000 - 0x00007ffbaf2d2000 	C:\windows\System32\ADVAPI32.dll
0x00007ffbaf0c0000 - 0x00007ffbaf168000 	C:\windows\System32\sechost.dll
0x00007ffbaca60000 - 0x00007ffbaca88000 	C:\windows\System32\bcrypt.dll
0x00007ffbae5a0000 - 0x00007ffbae6b5000 	C:\windows\System32\RPCRT4.dll
0x00007ffb546e0000 - 0x00007ffb546e9000 	C:\windows\SYSTEM32\WSOCK32.dll
0x00007ffbab6f0000 - 0x00007ffbab73d000 	C:\windows\SYSTEM32\POWRPROF.dll
0x00007ffbaf040000 - 0x00007ffbaf0b1000 	C:\windows\System32\WS2_32.dll
0x00007ffb9fea0000 - 0x00007ffb9feaa000 	C:\windows\SYSTEM32\VERSION.dll
0x00007ffba3500000 - 0x00007ffba3534000 	C:\windows\SYSTEM32\WINMM.dll
0x00007ffbab6d0000 - 0x00007ffbab6e3000 	C:\windows\SYSTEM32\UMPDC.dll
0x00007ffbab990000 - 0x00007ffbab9a8000 	C:\windows\SYSTEM32\kernel.appcore.dll
0x00007ffba8fd0000 - 0x00007ffba8fda000 	C:\Users\melinda.melchizedek\.p2\pool\plugins\org.eclipse.justj.openjdk.hotspot.jre.full.win32.x86_64_17.0.10.v20240120-1143\jre\bin\jimage.dll
0x00007ffbaa090000 - 0x00007ffbaa2c3000 	C:\windows\SYSTEM32\DBGHELP.DLL
0x00007ffbae8f0000 - 0x00007ffbaec78000 	C:\windows\System32\combase.dll
0x00007ffbaed50000 - 0x00007ffbaee27000 	C:\windows\System32\OLEAUT32.dll
0x00007ffb82380000 - 0x00007ffb823b2000 	C:\windows\SYSTEM32\dbgcore.DLL
0x00007ffbac8a0000 - 0x00007ffbac91a000 	C:\windows\System32\bcryptPrimitives.dll
0x00007ffba8ef0000 - 0x00007ffba8f15000 	C:\Users\melinda.melchizedek\.p2\pool\plugins\org.eclipse.justj.openjdk.hotspot.jre.full.win32.x86_64_17.0.10.v20240120-1143\jre\bin\java.dll

dbghelp: loaded successfully - version: 4.0.5 - missing functions: none
symbol engine: initialized successfully - sym options: 0x614 - pdb path: .;C:\Users\melinda.melchizedek\.p2\pool\plugins\org.eclipse.justj.openjdk.hotspot.jre.full.win32.x86_64_17.0.10.v20240120-1143\jre\bin;C:\windows\SYSTEM32;C:\windows\WinSxS\amd64_microsoft.windows.common-controls_6595b64144ccf1df_6.0.22621.3235_none_270f74e173860f98;C:\Users\melinda.melchizedek\.p2\pool\plugins\org.eclipse.justj.openjdk.hotspot.jre.full.win32.x86_64_17.0.10.v20240120-1143\jre\bin\server

VM Arguments:
jvm_args: -Dfile.encoding=UTF-8 -Dstdout.encoding=UTF-8 -Dstderr.encoding=UTF-8 -XX:+ShowCodeDetailsInExceptionMessages 
java_command: com.ilp03.utility.SprintToolUtility
java_class_path (initial): C:\Users\melinda.melchizedek\Desktop\ILP\OOPs\ILP_03_DB_Project_SprintPlanningTool\bin;C:\Users\melinda.melchizedek\Desktop\ILP\OOPs\ILP_03_DB_Project_SprintPlanningTool\lib\mysql-connector-java-8.0.30.jar
Launcher Type: SUN_STANDARD

[Global flags]
     intx CICompilerCount                          = 4                                         {product} {ergonomic}
     uint ConcGCThreads                            = 3                                         {product} {ergonomic}
     uint G1ConcRefinementThreads                  = 10                                        {product} {ergonomic}
   size_t G1HeapRegionSize                         = 2097152                                   {product} {ergonomic}
    uintx GCDrainStackTargetSize                   = 64                                        {product} {ergonomic}
   size_t InitialHeapSize                          = 264241152                                 {product} {ergonomic}
   size_t MarkStackSize                            = 4194304                                   {product} {ergonomic}
   size_t MaxHeapSize                              = 4200595456                                {product} {ergonomic}
   size_t MinHeapDeltaBytes                        = 2097152                                   {product} {ergonomic}
   size_t MinHeapSize                              = 8388608                                   {product} {ergonomic}
    uintx NonNMethodCodeHeapSize                   = 5839372                                {pd product} {ergonomic}
    uintx NonProfiledCodeHeapSize                  = 122909434                              {pd product} {ergonomic}
    uintx ProfiledCodeHeapSize                     = 122909434                              {pd product} {ergonomic}
    uintx ReservedCodeCacheSize                    = 251658240                              {pd product} {ergonomic}
     bool SegmentedCodeCache                       = true                                      {product} {ergonomic}
     bool ShowCodeDetailsInExceptionMessages       = true                                   {manageable} {command line}
   size_t SoftMaxHeapSize                          = 4200595456                             {manageable} {ergonomic}
     bool UseCompressedClassPointers               = true                           {product lp64_product} {ergonomic}
     bool UseCompressedOops                        = true                           {product lp64_product} {ergonomic}
     bool UseG1GC                                  = true                                      {product} {ergonomic}
     bool UseLargePagesIndividualAllocation        = false                                  {pd product} {ergonomic}

Logging:
Log output configuration:
 #0: stdout all=warning uptime,level,tags
 #1: stderr all=off uptime,level,tags

Environment Variables:
PATH=C:/Users/melinda.melchizedek/.p2/pool/plugins/org.eclipse.justj.openjdk.hotspot.jre.full.win32.x86_64_17.0.10.v20240120-1143/jre/bin/server;C:/Users/melinda.melchizedek/.p2/pool/plugins/org.eclipse.justj.openjdk.hotspot.jre.full.win32.x86_64_17.0.10.v20240120-1143/jre/bin;C:\Program Files\Common Files\Oracle\Java\javapath;C:\windows\system32;C:\windows;C:\windows\System32\Wbem;C:\windows\System32\WindowsPowerShell\v1.0\;C:\windows\System32\OpenSSH\;C:\Program Files\nodejs\;C:\Users\melinda.melchizedek\AppData\Local\Microsoft\WindowsApps;C:\Users\melinda.melchizedek\AppData\Local\Programs\Git\cmd;C:\Users\melinda.melchizedek\AppData\Roaming\npm;C:\Users\melinda.melchizedek\AppData\Local\Programs\Microsoft VS Code\bin;C:\windows\system32;
USERNAME=melinda.melchizedek
OS=Windows_NT
PROCESSOR_IDENTIFIER=Intel64 Family 6 Model 154 Stepping 4, GenuineIntel
TMP=C:\Users\MELIND~1.MEL\AppData\Local\Temp
TEMP=C:\Users\MELIND~1.MEL\AppData\Local\Temp



Periodic native trim disabled


---------------  S Y S T E M  ---------------

OS:
 Windows 11 , 64 bit Build 22621 (10.0.22621.3235)
OS uptime: 2 days 22:54 hours
Hyper-V role detected

CPU: total 12 (initial active 12) (6 cores per cpu, 2 threads per core) family 6 model 154 stepping 4 microcode 0x432, cx8, cmov, fxsr, ht, mmx, 3dnowpref, sse, sse2, sse3, ssse3, sse4.1, sse4.2, popcnt, lzcnt, tsc, tscinvbit, avx, avx2, aes, erms, clmul, bmi1, bmi2, adx, sha, fma, vzeroupper, clflush, clflushopt, clwb, hv
Processor Information for processor 0
  Max Mhz: 1700, Current Mhz: 1700, Mhz Limit: 1700
Processor Information for processor 1
  Max Mhz: 1700, Current Mhz: 1700, Mhz Limit: 1700
Processor Information for processor 2
  Max Mhz: 1700, Current Mhz: 1700, Mhz Limit: 1700
Processor Information for processor 3
  Max Mhz: 1700, Current Mhz: 1700, Mhz Limit: 1700
Processor Information for processor 4
  Max Mhz: 1700, Current Mhz: 1200, Mhz Limit: 1190
Processor Information for processor 5
  Max Mhz: 1700, Current Mhz: 1200, Mhz Limit: 1190
Processor Information for processor 6
  Max Mhz: 1700, Current Mhz: 1200, Mhz Limit: 1190
Processor Information for processor 7
  Max Mhz: 1700, Current Mhz: 1200, Mhz Limit: 1190
Processor Information for processor 8
  Max Mhz: 1700, Current Mhz: 1200, Mhz Limit: 1190
Processor Information for processor 9
  Max Mhz: 1700, Current Mhz: 1200, Mhz Limit: 1190
Processor Information for processor 10
  Max Mhz: 1700, Current Mhz: 1200, Mhz Limit: 1190
Processor Information for processor 11
  Max Mhz: 1700, Current Mhz: 1200, Mhz Limit: 1190

Memory: 4k page, system-wide physical 16016M (5526M free)
TotalPageFile size 47572M (AvailPageFile size 66M)
current process WorkingSet (physical memory assigned to process): 11M, peak: 11M
current process commit charge ("private bytes"): 64M, peak: 316M

vm_info: OpenJDK 64-Bit Server VM (17.0.10+7) for windows-amd64 JRE (17.0.10+7), built on Jan 16 2024 23:25:11 by "admin" with MS VC++ 16.10 / 16.11 (VS2019)

END.
